<?xml version="1.0" encoding="UTF-8"?>
<testsuite name="com.aor.numbers.DivisibleByFilterTest" tests="1" skipped="0" failures="0" errors="0" timestamp="2021-03-10T13:35:55" hostname="LAPTOP-R2TU3FPO" time="0.134">
  <properties/>
  <testcase name="accept()" classname="com.aor.numbers.DivisibleByFilterTest" time="0.134"/>
  <system-out><![CDATA[]]></system-out>
  <system-err><![CDATA[]]></system-err>
</testsuite>
