<?xml version="1.0" encoding="UTF-8"?>
<testsuite name="com.aor.numbers.ListFiltererTest" tests="2" skipped="0" failures="0" errors="0" timestamp="2021-03-10T13:35:59" hostname="LAPTOP-R2TU3FPO" time="0.019">
  <properties/>
  <testcase name="filter_divisible()" classname="com.aor.numbers.ListFiltererTest" time="0.008"/>
  <testcase name="filter_positive()" classname="com.aor.numbers.ListFiltererTest" time="0.008"/>
  <system-out><![CDATA[]]></system-out>
  <system-err><![CDATA[]]></system-err>
</testsuite>
