<?xml version="1.0" encoding="UTF-8"?>
<testsuite name="com.aor.numbers.ListSorterTest" tests="2" skipped="0" failures="0" errors="0" timestamp="2021-03-10T13:35:59" hostname="LAPTOP-R2TU3FPO" time="0.029">
  <properties/>
  <testcase name="sort()" classname="com.aor.numbers.ListSorterTest" time="0.02"/>
  <testcase name="sort_bug_8726()" classname="com.aor.numbers.ListSorterTest" time="0.002"/>
  <system-out><![CDATA[]]></system-out>
  <system-err><![CDATA[]]></system-err>
</testsuite>
