<?xml version="1.0" encoding="UTF-8"?>
<testsuite name="com.aor.numbers.ListDeduplicatorTest" tests="2" skipped="0" failures="0" errors="0" timestamp="2021-03-10T13:35:59" hostname="LAPTOP-R2TU3FPO" time="0.125">
  <properties/>
  <testcase name="deduplicate()" classname="com.aor.numbers.ListDeduplicatorTest" time="0.003"/>
  <testcase name="deduplicate_bug_8726()" classname="com.aor.numbers.ListDeduplicatorTest" time="0.118"/>
  <system-out><![CDATA[]]></system-out>
  <system-err><![CDATA[]]></system-err>
</testsuite>
