<?xml version="1.0" encoding="UTF-8"?>
<testsuite name="AlienClientTest" tests="1" skipped="0" failures="0" errors="0" timestamp="2021-03-24T13:37:47" hostname="LAPTOP-R2TU3FPO" time="0.055">
  <properties/>
  <testcase name="ferengiStartClosed()" classname="AlienClientTest" time="0.055"/>
  <system-out><![CDATA[]]></system-out>
  <system-err><![CDATA[]]></system-err>
</testsuite>
